2024-09-08T11:18:38.666+03:00  INFO 9764 --- [library] [main] com.library.LibraryApplication           : Starting LibraryApplication using Java 17.0.10 with PID 9764 (D:\java\intellje projects\library\target\classes started by dell in D:\java\intellje projects\library)
2024-09-08T11:18:38.679+03:00 DEBUG 9764 --- [library] [main] com.library.LibraryApplication           : Running with Spring Boot v3.3.2, Spring v6.1.11
2024-09-08T11:18:38.685+03:00  INFO 9764 --- [library] [main] com.library.LibraryApplication           : No active profile set, falling back to 1 default profile: "default"
2024-09-08T11:18:41.292+03:00  INFO 9764 --- [library] [main] .s.d.r.c.RepositoryConfigurationDelegate : Bootstrapping Spring Data JPA repositories in DEFAULT mode.
2024-09-08T11:18:41.406+03:00  INFO 9764 --- [library] [main] .s.d.r.c.RepositoryConfigurationDelegate : Finished Spring Data repository scanning in 101 ms. Found 3 JPA repository interfaces.
2024-09-08T11:18:42.679+03:00  INFO 9764 --- [library] [main] o.s.b.w.embedded.tomcat.TomcatWebServer  : Tomcat initialized with port 8080 (http)
2024-09-08T11:18:42.691+03:00  INFO 9764 --- [library] [main] o.apache.catalina.core.StandardService   : Starting service [Tomcat]
2024-09-08T11:18:42.692+03:00  INFO 9764 --- [library] [main] o.apache.catalina.core.StandardEngine    : Starting Servlet engine: [Apache Tomcat/10.1.26]
2024-09-08T11:18:42.759+03:00  INFO 9764 --- [library] [main] o.a.c.c.C.[Tomcat].[localhost].[/]       : Initializing Spring embedded WebApplicationContext
2024-09-08T11:18:42.760+03:00  INFO 9764 --- [library] [main] w.s.c.ServletWebServerApplicationContext : Root WebApplicationContext: initialization completed in 3954 ms
2024-09-08T11:18:43.059+03:00  INFO 9764 --- [library] [main] o.hibernate.jpa.internal.util.LogHelper  : HHH000204: Processing PersistenceUnitInfo [name: default]
2024-09-08T11:18:43.137+03:00  INFO 9764 --- [library] [main] org.hibernate.Version                    : HHH000412: Hibernate ORM core version 6.5.2.Final
2024-09-08T11:18:43.179+03:00  INFO 9764 --- [library] [main] o.h.c.internal.RegionFactoryInitiator    : HHH000026: Second-level cache disabled
2024-09-08T11:18:43.600+03:00  INFO 9764 --- [library] [main] o.s.o.j.p.SpringPersistenceUnitInfo      : No LoadTimeWeaver setup: ignoring JPA class transformer
2024-09-08T11:18:43.632+03:00  INFO 9764 --- [library] [main] com.zaxxer.hikari.HikariDataSource       : HikariPool-1 - Starting...
2024-09-08T11:18:43.876+03:00  INFO 9764 --- [library] [main] com.zaxxer.hikari.pool.HikariPool        : HikariPool-1 - Added connection com.mysql.cj.jdbc.ConnectionImpl@238ad211
2024-09-08T11:18:43.879+03:00  INFO 9764 --- [library] [main] com.zaxxer.hikari.HikariDataSource       : HikariPool-1 - Start completed.
2024-09-08T11:18:44.020+03:00  WARN 9764 --- [library] [main] org.hibernate.orm.deprecation            : HHH90000025: MySQL8Dialect does not need to be specified explicitly using 'hibernate.dialect' (remove the property setting and it will be selected by default)
2024-09-08T11:18:44.023+03:00  WARN 9764 --- [library] [main] org.hibernate.orm.deprecation            : HHH90000026: MySQL8Dialect has been deprecated; use org.hibernate.dialect.MySQLDialect instead
2024-09-08T11:18:45.219+03:00  INFO 9764 --- [library] [main] o.h.e.t.j.p.i.JtaPlatformInitiator       : HHH000489: No JTA platform available (set 'hibernate.transaction.jta.platform' to enable JTA platform integration)
2024-09-08T11:18:45.394+03:00  INFO 9764 --- [library] [main] j.LocalContainerEntityManagerFactoryBean : Initialized JPA EntityManagerFactory for persistence unit 'default'
2024-09-08T11:18:46.472+03:00  WARN 9764 --- [library] [main] JpaBaseConfiguration$JpaWebConfiguration : spring.jpa.open-in-view is enabled by default. Therefore, database queries may be performed during view rendering. Explicitly configure spring.jpa.open-in-view to disable this warning
2024-09-08T11:18:47.334+03:00  WARN 9764 --- [library] [main] .s.s.UserDetailsServiceAutoConfiguration : 

Using generated security password: a0ca4180-eeca-4576-974f-3d5d8e670727

This generated password is for development use only. Your security configuration must be updated before running your application in production.

2024-09-08T11:18:47.366+03:00  INFO 9764 --- [library] [main] r$InitializeUserDetailsManagerConfigurer : Global AuthenticationManager configured with UserDetailsService bean with name inMemoryUserDetailsManager
2024-09-08T11:18:47.752+03:00  INFO 9764 --- [library] [main] o.s.b.w.embedded.tomcat.TomcatWebServer  : Tomcat started on port 8080 (http) with context path '/'
2024-09-08T11:18:47.764+03:00  INFO 9764 --- [library] [main] com.library.LibraryApplication           : Started LibraryApplication in 10.058 seconds (process running for 11.361)
2024-09-08T11:20:24.164+03:00  INFO 9764 --- [library] [SpringApplicationShutdownHook] j.LocalContainerEntityManagerFactoryBean : Closing JPA EntityManagerFactory for persistence unit 'default'
2024-09-08T11:20:24.288+03:00  INFO 9764 --- [library] [SpringApplicationShutdownHook] com.zaxxer.hikari.HikariDataSource       : HikariPool-1 - Shutdown initiated...
2024-09-08T11:20:24.498+03:00  INFO 9764 --- [library] [SpringApplicationShutdownHook] com.zaxxer.hikari.HikariDataSource       : HikariPool-1 - Shutdown completed.
2024-09-08T11:30:28.093+03:00  INFO 9136 --- [library] [main] com.library.LibraryApplication           : Starting LibraryApplication using Java 17.0.10 with PID 9136 (D:\java\intellje projects\library\target\classes started by dell in D:\java\intellje projects\library)
2024-09-08T11:30:28.098+03:00 DEBUG 9136 --- [library] [main] com.library.LibraryApplication           : Running with Spring Boot v3.3.2, Spring v6.1.11
2024-09-08T11:30:28.099+03:00  INFO 9136 --- [library] [main] com.library.LibraryApplication           : No active profile set, falling back to 1 default profile: "default"
2024-09-08T11:30:29.799+03:00  INFO 9136 --- [library] [main] .s.d.r.c.RepositoryConfigurationDelegate : Bootstrapping Spring Data JPA repositories in DEFAULT mode.
2024-09-08T11:30:29.893+03:00  INFO 9136 --- [library] [main] .s.d.r.c.RepositoryConfigurationDelegate : Finished Spring Data repository scanning in 82 ms. Found 3 JPA repository interfaces.
2024-09-08T11:30:30.853+03:00  INFO 9136 --- [library] [main] o.s.b.w.embedded.tomcat.TomcatWebServer  : Tomcat initialized with port 8080 (http)
2024-09-08T11:30:30.865+03:00  INFO 9136 --- [library] [main] o.apache.catalina.core.StandardService   : Starting service [Tomcat]
2024-09-08T11:30:30.866+03:00  INFO 9136 --- [library] [main] o.apache.catalina.core.StandardEngine    : Starting Servlet engine: [Apache Tomcat/10.1.26]
2024-09-08T11:30:30.931+03:00  INFO 9136 --- [library] [main] o.a.c.c.C.[Tomcat].[localhost].[/]       : Initializing Spring embedded WebApplicationContext
2024-09-08T11:30:30.932+03:00  INFO 9136 --- [library] [main] w.s.c.ServletWebServerApplicationContext : Root WebApplicationContext: initialization completed in 2748 ms
2024-09-08T11:30:31.209+03:00  INFO 9136 --- [library] [main] o.hibernate.jpa.internal.util.LogHelper  : HHH000204: Processing PersistenceUnitInfo [name: default]
2024-09-08T11:30:31.289+03:00  INFO 9136 --- [library] [main] org.hibernate.Version                    : HHH000412: Hibernate ORM core version 6.5.2.Final
2024-09-08T11:30:31.329+03:00  INFO 9136 --- [library] [main] o.h.c.internal.RegionFactoryInitiator    : HHH000026: Second-level cache disabled
2024-09-08T11:30:31.692+03:00  INFO 9136 --- [library] [main] o.s.o.j.p.SpringPersistenceUnitInfo      : No LoadTimeWeaver setup: ignoring JPA class transformer
2024-09-08T11:30:31.722+03:00  INFO 9136 --- [library] [main] com.zaxxer.hikari.HikariDataSource       : HikariPool-1 - Starting...
2024-09-08T11:30:31.964+03:00  INFO 9136 --- [library] [main] com.zaxxer.hikari.pool.HikariPool        : HikariPool-1 - Added connection com.mysql.cj.jdbc.ConnectionImpl@39a8e2fa
2024-09-08T11:30:31.966+03:00  INFO 9136 --- [library] [main] com.zaxxer.hikari.HikariDataSource       : HikariPool-1 - Start completed.
2024-09-08T11:30:32.063+03:00  WARN 9136 --- [library] [main] org.hibernate.orm.deprecation            : HHH90000025: MySQL8Dialect does not need to be specified explicitly using 'hibernate.dialect' (remove the property setting and it will be selected by default)
2024-09-08T11:30:32.064+03:00  WARN 9136 --- [library] [main] org.hibernate.orm.deprecation            : HHH90000026: MySQL8Dialect has been deprecated; use org.hibernate.dialect.MySQLDialect instead
2024-09-08T11:30:33.153+03:00  INFO 9136 --- [library] [main] o.h.e.t.j.p.i.JtaPlatformInitiator       : HHH000489: No JTA platform available (set 'hibernate.transaction.jta.platform' to enable JTA platform integration)
2024-09-08T11:30:33.324+03:00  INFO 9136 --- [library] [main] j.LocalContainerEntityManagerFactoryBean : Initialized JPA EntityManagerFactory for persistence unit 'default'
2024-09-08T11:30:34.458+03:00  WARN 9136 --- [library] [main] JpaBaseConfiguration$JpaWebConfiguration : spring.jpa.open-in-view is enabled by default. Therefore, database queries may be performed during view rendering. Explicitly configure spring.jpa.open-in-view to disable this warning
2024-09-08T11:30:35.719+03:00  WARN 9136 --- [library] [main] .s.s.UserDetailsServiceAutoConfiguration : 

Using generated security password: a47c97c7-8877-47b8-8b99-5e15c0d1ffdf

This generated password is for development use only. Your security configuration must be updated before running your application in production.

2024-09-08T11:30:35.873+03:00  INFO 9136 --- [library] [main] r$InitializeUserDetailsManagerConfigurer : Global AuthenticationManager configured with UserDetailsService bean with name inMemoryUserDetailsManager
2024-09-08T11:30:36.284+03:00  INFO 9136 --- [library] [main] o.s.b.w.embedded.tomcat.TomcatWebServer  : Tomcat started on port 8080 (http) with context path '/'
2024-09-08T11:30:36.295+03:00  INFO 9136 --- [library] [main] com.library.LibraryApplication           : Started LibraryApplication in 8.898 seconds (process running for 10.237)
2024-09-08T11:31:31.066+03:00  INFO 9136 --- [library] [http-nio-8080-exec-1] o.a.c.c.C.[Tomcat].[localhost].[/]       : Initializing Spring DispatcherServlet 'dispatcherServlet'
2024-09-08T11:31:31.067+03:00  INFO 9136 --- [library] [http-nio-8080-exec-1] o.s.web.servlet.DispatcherServlet        : Initializing Servlet 'dispatcherServlet'
2024-09-08T11:31:31.072+03:00  INFO 9136 --- [library] [http-nio-8080-exec-1] o.s.web.servlet.DispatcherServlet        : Completed initialization in 5 ms
2024-09-08T12:05:00.920+03:00  INFO 9136 --- [library] [SpringApplicationShutdownHook] j.LocalContainerEntityManagerFactoryBean : Closing JPA EntityManagerFactory for persistence unit 'default'
2024-09-08T12:05:01.371+03:00  INFO 9136 --- [library] [SpringApplicationShutdownHook] com.zaxxer.hikari.HikariDataSource       : HikariPool-1 - Shutdown initiated...
2024-09-08T12:05:01.641+03:00  INFO 9136 --- [library] [SpringApplicationShutdownHook] com.zaxxer.hikari.HikariDataSource       : HikariPool-1 - Shutdown completed.
